/BATCH  
/COM,ANSYS RELEASE Release 16.0      BUILD 16.0      UP20141203       18:34:57
/input,menust,tmp,  
/GRA,POWER
/GST,ON
/PLO,INFO,3
/GRO,CURL,ON
*SET,_REMOTE_VIS_ID,'21'
/CPLANE,1   
/REPLOT,RESIZE  
WPSTYLE,,,,,,,,0
/REPLOT,RESIZE  
/PREP7  
!*  
finish  
/clear  
/COM,ANSYS RELEASE Release 16.0      BUILD 16.0      UP20141203       18:54:43
/input,start160,ans,/usr/local/bin/ansys_16/v160/ansys/apdl/
/filename,only998   
/prep7  
!==============element type 
et,1,solid285   
!==============material property
mp,ex,1,1e12
mp,prxy,1,0.2   
mp,ex,2,1.6e11  
mp,prxy,2,0.3   
!==============size difine  
*SET,r,0.01 
*SET,h1,0.005   
*SET,h2,0.01
*SET,n,8   !side number 
*SET,r_ring,0.015  !
*SET,wd_ring,r  
!*  
/MPLIB,STAT 
!*  
csys,1  
!===*DO, Par, IVAL, FVAL, INC   
*do,i,1,n,1 
k,i,r,i*360/n,0 
*enddo  
csys,0  
csys,0  
k,n+1,0,0,h1
k,n+2,0,0,-h2   
*do,i,1,n-1,1   
a,i,i+1,n+1 
a,i,i+1,n+2 
*enddo  
a,1,n,n+1   
a,1,n,n+2   
/USER,  1   
/FOC,   1, -0.363000007868E-03, -0.135300002933E-02, -0.250000000000E-02
/REPLO  
/VIEW,  1, -0.411839416066    , -0.385600997359    ,  0.825651358753
/ANG,   1,   5.66815656416  
/REPLO  
/REPLOT 
/REPLOT 
APLOT   
/VIEW,  1, -0.668573569925    , -0.641007751940    ,  0.376985999143
/ANG,   1,   23.5007620140  
/REPLO  
/VIEW,  1, -0.843750143082    , -0.229125743663    ,  0.485373144745
/ANG,   1,   23.4004235924  
/REPLO  
/VIEW,  1, -0.963860870200    , -0.444820454085E-01,  0.262666272165
/ANG,   1,   22.7849314236  
/REPLO  
/VIEW,  1, -0.849594315340    ,  0.496009876371    ,  0.179342415186
/ANG,   1,   20.7135332561  
/REPLO  
asel,all
va,all  
aplot   
vplot   
/VIEW,  1, -0.753392447044    , -0.552592367474    ,  0.356428809367
/ANG,   1,   55.9881389299  
/REPLO  
/VIEW,  1, -0.900432462523    , -0.195186606250    ,  0.388746150046
/ANG,   1,   84.0610143681  
/REPLO  
/VIEW,  1, -0.532196005080E-01,  0.926138840593    ,  0.373409322415
/ANG,   1,   175.917273674  
/REPLO  
/VIEW,  1,  0.744427257236    , -0.906428646348E-01,  0.661522433312
/ANG,   1,  -108.406517727  
/REPLO  
finish  
/clear  
/COM,ANSYS RELEASE Release 16.0      BUILD 16.0      UP20141203       19:11:21
/input,start160,ans,/usr/local/bin/ansys_16/v160/ansys/apdl/
/filename,only998   
/prep7  
!==============element type 
et,1,solid285   
!==============material property
mp,ex,1,1e12
mp,prxy,1,0.2   
mp,ex,2,1.6e11  
mp,prxy,2,0.3   
!==============size difine  
*SET,r,0.01 
*SET,h1,0.005   
*SET,h2,0.01
*SET,n,4   !side number 
*SET,r_ring,0.015  !
*SET,wd_ring,r  
!==============points   
csys,1  
!===*DO, Par, IVAL, FVAL, INC   
*do,i,1,n,1 
k,i,r,i*360/n,0 
*enddo  
csys,0  
k,n+1,0,0,h1
k,n+2,0,0,-h2   
!===============areas   
*do,i,1,n-1,1   
a,i,i+1,n+1 
a,i,i+1,n+2 
*enddo  
a,1,n,n+1   
a,1,n,n+2   
!===============volu
asel,all
va,all  
/USER,  1   
/VIEW,  1, -0.517152895236    , -0.648378465294    ,  0.558711239097
/ANG,   1,   19.5419506387  
/REPLO  
APLOT   
/VIEW,  1,  0.204497828003    , -0.907315372792    ,  0.367368279302
/ANG,   1,  -34.8919683365  
/REPLO  
/VIEW,  1, -0.563371886589    , -0.464978657844    ,  0.682939942564
/ANG,   1,   23.6579466001  
/REPLO  
/VIEW,  1, -0.187763697938    , -0.736065551556    ,  0.650347828127
/ANG,   1,   9.78725723828  
/REPLO  
/VIEW,  1, -0.212995850212    , -0.591537958576    ,  0.777634625873
/ANG,   1,  -7.83442993373  
/REPLO  
/VIEW,  1, -0.915164872506    , -0.310297018630    ,  0.257272261157
/ANG,   1,   55.4794680479  
/REPLO  
/VIEW,  1, -0.720274510433    , -0.545335719811    ,  0.428734862495
/ANG,   1,   64.5155947224  
/REPLO  
finish  
/clear  
/COM,ANSYS RELEASE Release 16.0      BUILD 16.0      UP20141203       19:12:17
/input,start160,ans,/usr/local/bin/ansys_16/v160/ansys/apdl/
/filename,only998   
/prep7  
!==============element type 
et,1,solid285   
!==============material property
mp,ex,1,1e12
mp,prxy,1,0.2   
mp,ex,2,1.6e11  
mp,prxy,2,0.3   
!==============size difine  
*SET,r,0.01 
*SET,h1,0.005   
*SET,h2,0.01
*SET,n,16   !side number
*SET,r_ring,0.015  !
*SET,wd_ring,r  
!==============points   
csys,1  
!===*DO, Par, IVAL, FVAL, INC   
*do,i,1,n,1 
k,i,r,i*360/n,0 
*enddo  
csys,0  
k,n+1,0,0,h1
k,n+2,0,0,-h2   
!===============areas   
*do,i,1,n-1,1   
a,i,i+1,n+1 
a,i,i+1,n+2 
*enddo  
a,1,n,n+1   
a,1,n,n+2   
!===============volu
asel,all
va,all  
vplot   
/USER,  1   
/VIEW,  1, -0.404952667876    , -0.720925441245    ,  0.562387628728
/ANG,   1,   16.9888915447  
/REPLO  
/VIEW,  1, -0.342364923846    , -0.830896561693    ,  0.438631009719
/ANG,   1,   20.7738379564  
/REPLO  
/VIEW,  1, -0.248680445215    , -0.861754436860    ,  0.442196027480
/ANG,   1,   14.0102056822  
/REPLO  
block,-r,r,-r,r,h1,h1*0.5   
/VIEW,  1, -0.397869253717    , -0.824569848049    , -0.402224592280
/ANG,   1,   110.350256167  
/REPLO  
/VIEW,  1, -0.163513772628    , -0.985928848995    ,  0.347498328150E-01
/ANG,   1,   58.2206863397  
/REPLO  
vlist, all  
/PNUM,KP,0  
/PNUM,LINE,0
/PNUM,AREA,0
/PNUM,VOLU,1
/PNUM,NODE,0
/PNUM,TABN,0
/PNUM,SVAL,0
/NUMBER,0   
!*  
/PNUM,ELEM,0
/REPLOT 
!*  
/PNUM,KP,0  
/PNUM,LINE,0
/PNUM,AREA,0
/PNUM,VOLU,1
/PNUM,NODE,0
/PNUM,TABN,0
/PNUM,SVAL,0
/NUMBER,0   
!*  
/PNUM,ELEM,0
/REPLOT 
!*  
vsbv,1,2
numcmp,all  
wpoffs,0,0,-r_ring-h2*0.5   
wprota,0,0,90   
vplot   
cylind,r_ring,0,-wd_ring/2,wdring/2,0,360   
/VIEW,  1,  0.188517418450E-01, -0.999765209484    , -0.106835263694E-01
/ANG,   1,  -139.214416473  
/REPLO  
finish  
/clear  
/COM,ANSYS RELEASE Release 16.0      BUILD 16.0      UP20141203       19:27:24
/input,start160,ans,/usr/local/bin/ansys_16/v160/ansys/apdl/
/filename,only998   
/prep7  
!==============element type 
et,1,solid285   
!==============material property
mp,ex,1,1e12
mp,prxy,1,0.2   
mp,ex,2,1.6e11  
mp,prxy,2,0.3   
!==============size difine  
*SET,r,0.01 
*SET,h1,0.005   
*SET,h2,0.01
*SET,n,16   !side number
*SET,r_ring,0.015  !
*SET,wd_ring,r  
!==============points   
csys,1  
!===*DO, Par, IVAL, FVAL, INC   
*do,i,1,n,1 
k,i,r,i*360/n,0 
*enddo  
csys,0  
k,n+1,0,0,h1
k,n+2,0,0,-h2   
!===============areas   
*do,i,1,n-1,1   
a,i,i+1,n+1 
a,i,i+1,n+2 
*enddo  
a,1,n,n+1   
a,1,n,n+2   
!===============volu
asel,all
va,all  
!===============cut 
block,-r,r,-r,r,h1,h1*0.5   
vsbv,1,2
numcmp,all  
!================cut ring   
!wp=work plane  
wpoffs,0,0,-r_ring-h2*0.5   
wprota,0,0,90   
cylind,r_ring,0,-wd_ring/2,w_dring/2,0,360  
vsbv,1,2,,,keep 
numcmp,all  
wprota,0,0,-90  
wpoffs,0,0,r_ring+h2*0.5
finish  
/clear  
/COM,ANSYS RELEASE Release 16.0      BUILD 16.0      UP20141203       19:27:54
/input,start160,ans,/usr/local/bin/ansys_16/v160/ansys/apdl/
/filename,only998   
/prep7  
!==============element type 
et,1,solid285   
!==============material property
mp,ex,1,1e12
mp,prxy,1,0.2   
mp,ex,2,1.6e11  
mp,prxy,2,0.3   
!==============size difine  
*SET,r,0.01 
*SET,h1,0.005   
*SET,h2,0.01
*SET,n,16   !side number
*SET,r_ring,0.015  !
*SET,wd_ring,r  
!==============points   
csys,1  
!===*DO, Par, IVAL, FVAL, INC   
*do,i,1,n,1 
k,i,r,i*360/n,0 
*enddo  
csys,0  
k,n+1,0,0,h1
k,n+2,0,0,-h2   
!===============areas   
*do,i,1,n-1,1   
a,i,i+1,n+1 
a,i,i+1,n+2 
*enddo  
a,1,n,n+1   
a,1,n,n+2   
!===============volu
asel,all
va,all  
!===============cut 
block,-r,r,-r,r,h1,h1*0.5   
vsbv,1,2
numcmp,all  
!================cut ring   
!wp=work plane  
wpoffs,0,0,-r_ring-h2*0.5   
wprota,0,0,90   
cylind,r_ring,0,-wd_ring/2,wd_ring/2,0,360  
vsbv,1,2,,,keep 
numcmp,all  
wprota,0,0,-90  
wpoffs,0,0,r_ring+h2*0.5
/USER,  1   
/VIEW,  1, -0.631222844225    , -0.573332688176    ,  0.522347920066
/ANG,   1,   17.9078965296  
/REPLO  
/VIEW,  1, -0.873638453966    , -0.344097231881    ,  0.344024631043
/ANG,   1,   25.3945596400  
/REPLO  
vplot   
/VIEW,  1, -0.982724977415    ,  0.118247579270    , -0.142369690459
/ANG,   1,   25.8173361220  
/REPLO  
/VIEW,  1, -0.969058927227    , -0.181007305373    ,  0.167812845049
/ANG,   1,   27.6272085401  
/REPLO  
finish  
/clear  
/COM,ANSYS RELEASE Release 16.0      BUILD 16.0      UP20141203       19:30:27
/input,start160,ans,/usr/local/bin/ansys_16/v160/ansys/apdl/
/filename,only998   
/prep7  
!==============element type 
et,1,solid285   
!==============material property
mp,ex,1,1e12
mp,prxy,1,0.2   
mp,ex,2,1.6e11  
mp,prxy,2,0.3   
!==============size difine  
*SET,r,0.01 
*SET,h1,0.005   
*SET,h2,0.01
*SET,n,16   !side number
*SET,r_ring,0.015  !
*SET,wd_ring,r  
!==============points   
csys,1  
!===*DO, Par, IVAL, FVAL, INC   
*do,i,1,n,1 
k,i,r,i*360/n,0 
*enddo  
csys,0  
k,n+1,0,0,h1
k,n+2,0,0,-h2   
!===============areas   
*do,i,1,n-1,1   
a,i,i+1,n+1 
a,i,i+1,n+2 
*enddo  
a,1,n,n+1   
a,1,n,n+2   
!===============volu
asel,all
va,all  
!===============cut 
block,-r,r,-r,r,h1,h1*0.5   
vsbv,1,2
numcmp,all  
!================cut ring   
!wp=work plane  
wpoffs,0,0,-r_ring-h2*0.5   
wprota,0,0,90   
cylind,r_ring,0,-wd_ring/2,wd_ring/2,0,360  
vsbv,1,2,,,keep 
numcmp,all  
cylind,r_ring*0.85,0,-wd_ring/2,wd_ring/2,0,360 
vsbv,all,3  
numcmp,all  
wprota,0,0,-90  
wpoffs,0,0,r_ring+h2*0.5
/USER,  1   
/VIEW,  1, -0.641597004332    ,  0.547095247867    ,  0.537624472837
/ANG,   1,  -13.7652178130  
/REPLO  
/VIEW,  1, -0.969125449635    , -0.185229913024    ,  0.162744407558
/ANG,   1,  -27.2182655855  
/REPLO  
/VIEW,  1, -0.610888077252    , -0.596895729273    ,  0.520126182235
/ANG,   1,  -12.3512872932  
/REPLO  
/VIEW,  1, -0.777757092633    , -0.628446030062    , -0.122266985639E-01
/ANG,   1,   20.3669791445  
/REPLO  
/VIEW,  1, -0.911318086795    , -0.955018460608E-01, -0.400473147763
/ANG,   1,   23.6039296732  
/REPLO  
vglue,all   
/VIEW,  1, -0.177252087784    ,  0.885507059294    , -0.429486839515
/ANG,   1,   3.92551879333  
/REPLO  
/VIEW,  1, -0.338286991222    ,  0.727469087665    , -0.596951118654
/ANG,   1,   10.0074970718  
/REPLO  
/VIEW,  1, -0.841805086418    ,  0.439857430500    , -0.312873196862
/ANG,   1,   34.6329357873  
/REPLO  
finish  
/clear  
/COM,ANSYS RELEASE Release 16.0      BUILD 16.0      UP20141203       19:34:53
/input,start160,ans,/usr/local/bin/ansys_16/v160/ansys/apdl/
/filename,only998   
/prep7  
!==============element type 
et,1,solid285   
!==============material property
mp,ex,1,1e12
mp,prxy,1,0.2   
mp,ex,2,1.6e11  
mp,prxy,2,0.3   
!==============size difine  
*SET,r,0.01 
*SET,h1,0.005   
*SET,h2,0.01
*SET,n,16   !side number
*SET,r_ring,0.015  !
*SET,wd_ring,r  
!==============points   
csys,1  
!===*DO, Par, IVAL, FVAL, INC   
*do,i,1,n,1 
k,i,r,i*360/n,0 
*enddo  
csys,0  
k,n+1,0,0,h1
k,n+2,0,0,-h2   
!===============areas   
*do,i,1,n-1,1   
a,i,i+1,n+1 
a,i,i+1,n+2 
*enddo  
a,1,n,n+1   
a,1,n,n+2   
!===============volu
asel,all
va,all  
!===============cut 
block,-r,r,-r,r,h1,h1*0.5   
vsbv,1,2
numcmp,all  
!================cut ring   
!wp=work plane  
wpoffs,0,0,-r_ring-h2*0.5   
wprota,0,0,90   
cylind,r_ring,0,-wd_ring/2,wd_ring/2,0,360  
vsbv,1,2,,,keep 
numcmp,all  
cylind,r_ring*0.85,0,-wd_ring/2,wd_ring/2,0,360 
vsbv,all,3  
numcmp,all  
wprota,0,0,-90  
wpoffs,0,0,r_ring+h2*0.5
!===============================glue
vglue,all   
numcmp,all  
!========================mesh   
type,1  
mat,1   
mshkey,0
vmesh,1 
alls
type,1  
mat,2   
mshkey,0
vmesh,2 
alls
/USER,  1   
/VIEW,  1, -0.524694005377    , -0.339948910108    ,  0.780468410147
/ANG,   1,   3.53147251301  
/REPLO  
/VIEW,  1, -0.712035536572    , -0.673001016915    ,  0.200187476856
/ANG,   1,   23.2480958826  
/REPLO  
/VIEW,  1, -0.914437728125    , -0.379998799450    ,  0.139300228991
/ANG,   1,   26.4879505018  
/REPLO  
/VIEW,  1, -0.839412691007    , -0.431941969774    ,  0.329867350497
/ANG,   1,   21.6068597075  
/REPLO  
/VIEW,  1, -0.940191411170    , -0.237574728761    , -0.244127750605
/ANG,   1,   32.8090121624  
/REPLO  
/VIEW,  1, -0.804672135546    , -0.445211658977    ,  0.392796808778
/ANG,   1,   18.0331845755  
/REPLO  
FINISH  
/SOL
nsel,s,loc,z,h1*0.5 
d,all,ux,0  
d,all,uy,0  
d,all,uz,0  
alls
nplot   
/VIEW,  1, -0.987936111760    , -0.997308895267E-01,  0.118473578300
/ANG,   1,   23.4652201638  
/REPLO  
/VIEW,  1, -0.704811934528    , -0.243872462487    ,  0.666157908448
/ANG,   1,   16.8658039453  
/REPLO  
/VIEW,  1, -0.515400926886    , -0.303949364393    ,  0.801234465341
/ANG,   1,   13.0474886559  
/REPLO  
/VIEW,  1, -0.752624758742    , -0.459518934406    ,  0.471591265241
/ANG,   1,   22.7272388836  
/REPLO  
/VIEW,  1, -0.478342572668    , -0.448240510619    ,  0.755161458109
/ANG,   1,   10.5727982474  
/REPLO  
/VIEW,  1, -0.710360446749    , -0.673983117674    ,  0.202817141252
/ANG,   1,   34.7749175756  
/REPLO  
/VIEW,  1, -0.953098839083    , -0.266317733329    ,  0.143796619752
/ANG,   1,   40.3235177365  
/REPLO  
/VIEW,  1, -0.652893566538    , -0.163281851173    ,  0.739641148024
/ANG,   1,   31.5084388354  
/REPLO  
/VIEW,  1, -0.258370836546    , -0.222043864012    ,  0.940181383179
/ANG,   1,   30.0315620282  
/REPLO  
/VIEW,  1, -0.857863617101    , -0.181579812051    ,  0.480727351322
/ANG,   1,   39.2082767042  
/REPLO  
/VIEW,  1, -0.984821514768    , -0.150754214919    ,  0.860218038356E-01
/ANG,   1,   43.0466714523  
/REPLO  
vplot   
nplot   
! replot
local,11,1,0,0,-r_ring-h2*0.5,0,0,90
csys,11 
nplot   
nsel,s,loc,x,r_ring*0.85
nplot   
nsel,r,loc,y,-20,20 
nplot   
csys,0  
csys,0  
sf,all,pres,998 
alls
nplot   
vplot   
nplot   
/FOC,   1, -0.671552613962E-03, -0.152724198771E-02, -0.266147864800E-01
/REPLO  
/VIEW,  1, -0.943683041471    ,  0.224408874371    ,  0.243111032954
/ANG,   1,   45.9257952073  
/REPLO  
/FOC,   1, -0.532131265773E-03, -0.221346486945E-03, -0.272790302023E-01
/REPLO  
/sol
solve   
save
FINISH  
/POST1  
PLDISP,2
!*  
!*  
/EFACET,1   
PLNSOL, U,Y, 0,1.0  
/ZOOM,1,RECT,0.570804,0.00698448 ,0.0724536375377 ,-0.0628603075666 
/BATCH  
/COM,ANSYS RELEASE Release 16.0      BUILD 16.0      UP20141203       19:54:36
/input,menust,tmp,  
/GRA,POWER
/GST,ON
/PLO,INFO,3
/GRO,CURL,ON
*SET,_REMOTE_VIS_ID,'21'
/CPLANE,1   
/REPLOT,RESIZE  
WPSTYLE,,,,,,,,0
finish  
/clear  
/COM,ANSYS RELEASE Release 16.0      BUILD 16.0      UP20141203       19:54:48
/input,start160,ans,/usr/local/bin/ansys_16/v160/ansys/apdl/
/filename,only998   
/prep7  
!==============element type 
et,1,solid285   
!==============material property
mp,ex,1,1e12
mp,prxy,1,0.2   
mp,ex,2,1.6e11  
mp,prxy,2,0.3   
!==============size difine  
*SET,r,0.01 
*SET,h1,0.005   
*SET,h2,0.01
*SET,n,16   !side number
*SET,r_ring,0.015  !
*SET,wd_ring,r  
!==============points   
csys,1  
!===*DO, Par, IVAL, FVAL, INC   
*do,i,1,n,1 
k,i,r,i*360/n,0 
*enddo  
csys,0  
k,n+1,0,0,h1
k,n+2,0,0,-h2   
!===============areas   
*do,i,1,n-1,1   
a,i,i+1,n+1 
a,i,i+1,n+2 
*enddo  
a,1,n,n+1   
a,1,n,n+2   
!===============volu
asel,all
va,all  
!===============cut 
block,-r,r,-r,r,h1,h1*0.5   
vsbv,1,2
numcmp,all  
!================cut ring   
!wp=work plane  
wpoffs,0,0,-r_ring-h2*0.5   
wprota,0,0,90   
cylind,r_ring,0,-wd_ring/2,wd_ring/2,0,360  
vsbv,1,2,,,keep 
numcmp,all  
cylind,r_ring*0.85,0,-wd_ring/2,wd_ring/2,0,360 
vsbv,all,3  
numcmp,all  
wprota,0,0,-90  
wpoffs,0,0,r_ring+h2*0.5
!===============================glue
vglue,all   
numcmp,all  
!========================mesh   
type,1  
mat,1   
mshkey,0
vmesh,1 
alls
type,1  
mat,2   
mshkey,0
vmesh,2 
alls
!=================solve 
FINISH  
/SOL
nsel,s,loc,z,h1*0.5 
d,all,ux,0  
d,all,uy,0  
d,all,uz,0  
alls
!=================force 
local,11,1,0,0,-r_ring-h2*0.5,0,0,90
csys,11 
nsel,s,loc,x,r_ring*0.85
nsel,r,loc,y,-20,20 
csys,0  
sf,all,pres,998 
alls
/sol
solve   
save
/USER,  1   
/VIEW,  1, -0.691152691396    ,  0.262008695583    ,  0.673542426737
/ANG,   1,  -7.87360156428  
/REPLO  
/VIEW,  1, -0.843513679821    , -0.475956855287    ,  0.248897054742
/ANG,   1,  -8.26828134745  
/REPLO  
/VIEW,  1, -0.641852892612    , -0.750982173790    ,  0.155082684056
/ANG,   1,  -6.35165711288  
/REPLO  
/VIEW,  1, -0.905118507438    , -0.282971504838    , -0.317313118138
/ANG,   1,   18.3177531216  
/REPLO  
FINISH  
/POST1  
!*  
/EFACET,1   
PLNSOL, U,Z, 0,1.0  
/VIEW,  1, -0.977083975454    , -0.115237302056    , -0.178961641491
/ANG,   1,   16.9063185929  
/REPLO  
/DIST, 1 ,0.924021,1
/REP,FAST   
/REPLO  
/VIEW,  1, -0.975580008372    , -0.112217218571    , -0.188814573380
/ANG,   1,   17.0343683154  
/REPLO  
/VIEW,  1, -0.953710254470    , -0.322080858045E-01,  0.298997307223
/ANG,   1,   16.6617431405  
/REPLO  
/FOC,   1, -0.591421777064E-03, -0.155584832466E-02, -0.183040516420E-01
/REPLO  
/VIEW,  1, -0.897817570294    ,  0.408144100857    , -0.165354175657
/ANG,   1,   7.23593676276  
/REPLO  
/VIEW,  1, -0.820561719362    ,  0.554477571912    , -0.138683405511
/ANG,   1,   7.92325438409  
/REPLO  
/ZOOM,1,RECT,0.606183,0.00877926 ,0.444604504586 ,0.117642135126
/ZOOM,1,RECT,0.0933461,0.244064 ,0.630771452214 ,-0.412625399322
/VIEW,  1,  0.823896639280    ,  0.446982941712    , -0.348425856679
/ANG,   1,  -106.455460458  
/REPLO  
FINISH  
! /EXI  
